27 Jul 2013 13:37:48,704 INFO com.sismics.util.jpa.EMF.getEntityManagerProperties(EMF.java:69) Configuring EntityManager from hibernate.properties 
27 Jul 2013 13:37:49,155 INFO com.sismics.util.jpa.DbOpenHelper.open(DbOpenHelper.java:67) Opening database and executing incremental updates 
27 Jul 2013 13:37:49,157 INFO com.sismics.util.jpa.DbOpenHelper.open(DbOpenHelper.java:95) Unable to get database version: Table T_CONFIG not found 
27 Jul 2013 13:37:49,157 INFO com.sismics.util.jpa.DbOpenHelper.open(DbOpenHelper.java:109) Executing initial schema creation script 
27 Jul 2013 13:37:49,159 ERROR com.sismics.util.jpa.DbOpenHelper.open(DbOpenHelper.java:122) Unable to complete schema update 
java.lang.UnsupportedOperationException: Cannot list files for URL file:/C:/Users/Ben/workspace/bgd/docs/trunk/docs-core/target/classes/com/sismics/util/jpa/EMF$1.class
	at com.sismics.util.ResourceUtil.list(ResourceUtil.java:86)
	at com.sismics.util.jpa.DbOpenHelper.executeAllScript(DbOpenHelper.java:152)
	at com.sismics.util.jpa.EMF$1.onCreate(EMF.java:45)
	at com.sismics.util.jpa.DbOpenHelper.open(DbOpenHelper.java:110)
	at com.sismics.util.jpa.EMF.<clinit>(EMF.java:55)
	at com.sismics.docs.core.util.TransactionUtil.handle(TransactionUtil.java:38)
	at com.sismics.util.filter.RequestContextFilter.init(RequestContextFilter.java:76)
	at org.eclipse.jetty.servlet.FilterHolder.doStart(FilterHolder.java:114)
	at org.eclipse.jetty.util.component.AbstractLifeCycle.start(AbstractLifeCycle.java:59)
	at org.eclipse.jetty.servlet.ServletHandler.initialize(ServletHandler.java:754)
	at org.eclipse.jetty.servlet.ServletContextHandler.startContext(ServletContextHandler.java:258)
	at org.eclipse.jetty.webapp.WebAppContext.startContext(WebAppContext.java:1221)
	at org.eclipse.jetty.server.handler.ContextHandler.doStart(ContextHandler.java:699)
	at org.eclipse.jetty.webapp.WebAppContext.doStart(WebAppContext.java:454)
	at org.mortbay.jetty.plugin.JettyWebAppContext.doStart(JettyWebAppContext.java:256)
	at org.eclipse.jetty.util.component.AbstractLifeCycle.start(AbstractLifeCycle.java:59)
	at org.eclipse.jetty.server.handler.HandlerCollection.doStart(HandlerCollection.java:224)
	at org.eclipse.jetty.server.handler.ContextHandlerCollection.doStart(ContextHandlerCollection.java:167)
	at org.eclipse.jetty.util.component.AbstractLifeCycle.start(AbstractLifeCycle.java:59)
	at org.eclipse.jetty.server.handler.HandlerCollection.doStart(HandlerCollection.java:224)
	at org.eclipse.jetty.util.component.AbstractLifeCycle.start(AbstractLifeCycle.java:59)
	at org.eclipse.jetty.server.handler.HandlerWrapper.doStart(HandlerWrapper.java:90)
	at org.eclipse.jetty.server.Server.doStart(Server.java:263)
	at org.mortbay.jetty.plugin.JettyServer.doStart(JettyServer.java:65)
	at org.eclipse.jetty.util.component.AbstractLifeCycle.start(AbstractLifeCycle.java:59)
	at org.mortbay.jetty.plugin.AbstractJettyMojo.startJetty(AbstractJettyMojo.java:511)
	at org.mortbay.jetty.plugin.AbstractJettyMojo.execute(AbstractJettyMojo.java:364)
	at org.mortbay.jetty.plugin.JettyRunMojo.execute(JettyRunMojo.java:516)
	at org.apache.maven.plugin.DefaultBuildPluginManager.executeMojo(DefaultBuildPluginManager.java:101)
	at org.apache.maven.lifecycle.internal.MojoExecutor.execute(MojoExecutor.java:209)
	at org.apache.maven.lifecycle.internal.MojoExecutor.execute(MojoExecutor.java:153)
	at org.apache.maven.lifecycle.internal.MojoExecutor.execute(MojoExecutor.java:145)
	at org.apache.maven.lifecycle.internal.LifecycleModuleBuilder.buildProject(LifecycleModuleBuilder.java:84)
	at org.apache.maven.lifecycle.internal.LifecycleModuleBuilder.buildProject(LifecycleModuleBuilder.java:59)
	at org.apache.maven.lifecycle.internal.LifecycleStarter.singleThreadedBuild(LifecycleStarter.java:183)
	at org.apache.maven.lifecycle.internal.LifecycleStarter.execute(LifecycleStarter.java:161)
	at org.apache.maven.DefaultMaven.doExecute(DefaultMaven.java:320)
	at org.apache.maven.DefaultMaven.execute(DefaultMaven.java:156)
	at org.apache.maven.cli.MavenCli.execute(MavenCli.java:537)
	at org.apache.maven.cli.MavenCli.doMain(MavenCli.java:196)
	at org.apache.maven.cli.MavenCli.main(MavenCli.java:141)
	at sun.reflect.NativeMethodAccessorImpl.invoke0(Native Method)
	at sun.reflect.NativeMethodAccessorImpl.invoke(NativeMethodAccessorImpl.java:57)
	at sun.reflect.DelegatingMethodAccessorImpl.invoke(DelegatingMethodAccessorImpl.java:43)
	at java.lang.reflect.Method.invoke(Method.java:601)
	at org.codehaus.plexus.classworlds.launcher.Launcher.launchEnhanced(Launcher.java:290)
	at org.codehaus.plexus.classworlds.launcher.Launcher.launch(Launcher.java:230)
	at org.codehaus.plexus.classworlds.launcher.Launcher.mainWithExitCode(Launcher.java:409)
	at org.codehaus.plexus.classworlds.launcher.Launcher.main(Launcher.java:352)
27 Jul 2013 13:37:49,162 INFO com.sismics.util.jpa.EMF.getEntityManagerProperties(EMF.java:69) Configuring EntityManager from hibernate.properties 
27 Jul 2013 13:37:49,244 ERROR com.sismics.util.jpa.EMF.<clinit>(EMF.java:60) Error creating EMF 
javax.persistence.PersistenceException: No Persistence provider for EntityManager named transactions-optional
	at javax.persistence.Persistence.createEntityManagerFactory(Persistence.java:69)
	at com.sismics.util.jpa.EMF.<clinit>(EMF.java:57)
	at com.sismics.docs.core.util.TransactionUtil.handle(TransactionUtil.java:38)
	at com.sismics.util.filter.RequestContextFilter.init(RequestContextFilter.java:76)
	at org.eclipse.jetty.servlet.FilterHolder.doStart(FilterHolder.java:114)
	at org.eclipse.jetty.util.component.AbstractLifeCycle.start(AbstractLifeCycle.java:59)
	at org.eclipse.jetty.servlet.ServletHandler.initialize(ServletHandler.java:754)
	at org.eclipse.jetty.servlet.ServletContextHandler.startContext(ServletContextHandler.java:258)
	at org.eclipse.jetty.webapp.WebAppContext.startContext(WebAppContext.java:1221)
	at org.eclipse.jetty.server.handler.ContextHandler.doStart(ContextHandler.java:699)
	at org.eclipse.jetty.webapp.WebAppContext.doStart(WebAppContext.java:454)
	at org.mortbay.jetty.plugin.JettyWebAppContext.doStart(JettyWebAppContext.java:256)
	at org.eclipse.jetty.util.component.AbstractLifeCycle.start(AbstractLifeCycle.java:59)
	at org.eclipse.jetty.server.handler.HandlerCollection.doStart(HandlerCollection.java:224)
	at org.eclipse.jetty.server.handler.ContextHandlerCollection.doStart(ContextHandlerCollection.java:167)
	at org.eclipse.jetty.util.component.AbstractLifeCycle.start(AbstractLifeCycle.java:59)
	at org.eclipse.jetty.server.handler.HandlerCollection.doStart(HandlerCollection.java:224)
	at org.eclipse.jetty.util.component.AbstractLifeCycle.start(AbstractLifeCycle.java:59)
	at org.eclipse.jetty.server.handler.HandlerWrapper.doStart(HandlerWrapper.java:90)
	at org.eclipse.jetty.server.Server.doStart(Server.java:263)
	at org.mortbay.jetty.plugin.JettyServer.doStart(JettyServer.java:65)
	at org.eclipse.jetty.util.component.AbstractLifeCycle.start(AbstractLifeCycle.java:59)
	at org.mortbay.jetty.plugin.AbstractJettyMojo.startJetty(AbstractJettyMojo.java:511)
	at org.mortbay.jetty.plugin.AbstractJettyMojo.execute(AbstractJettyMojo.java:364)
	at org.mortbay.jetty.plugin.JettyRunMojo.execute(JettyRunMojo.java:516)
	at org.apache.maven.plugin.DefaultBuildPluginManager.executeMojo(DefaultBuildPluginManager.java:101)
	at org.apache.maven.lifecycle.internal.MojoExecutor.execute(MojoExecutor.java:209)
	at org.apache.maven.lifecycle.internal.MojoExecutor.execute(MojoExecutor.java:153)
	at org.apache.maven.lifecycle.internal.MojoExecutor.execute(MojoExecutor.java:145)
	at org.apache.maven.lifecycle.internal.LifecycleModuleBuilder.buildProject(LifecycleModuleBuilder.java:84)
	at org.apache.maven.lifecycle.internal.LifecycleModuleBuilder.buildProject(LifecycleModuleBuilder.java:59)
	at org.apache.maven.lifecycle.internal.LifecycleStarter.singleThreadedBuild(LifecycleStarter.java:183)
	at org.apache.maven.lifecycle.internal.LifecycleStarter.execute(LifecycleStarter.java:161)
	at org.apache.maven.DefaultMaven.doExecute(DefaultMaven.java:320)
	at org.apache.maven.DefaultMaven.execute(DefaultMaven.java:156)
	at org.apache.maven.cli.MavenCli.execute(MavenCli.java:537)
	at org.apache.maven.cli.MavenCli.doMain(MavenCli.java:196)
	at org.apache.maven.cli.MavenCli.main(MavenCli.java:141)
	at sun.reflect.NativeMethodAccessorImpl.invoke0(Native Method)
	at sun.reflect.NativeMethodAccessorImpl.invoke(NativeMethodAccessorImpl.java:57)
	at sun.reflect.DelegatingMethodAccessorImpl.invoke(DelegatingMethodAccessorImpl.java:43)
	at java.lang.reflect.Method.invoke(Method.java:601)
	at org.codehaus.plexus.classworlds.launcher.Launcher.launchEnhanced(Launcher.java:290)
	at org.codehaus.plexus.classworlds.launcher.Launcher.launch(Launcher.java:230)
	at org.codehaus.plexus.classworlds.launcher.Launcher.mainWithExitCode(Launcher.java:409)
	at org.codehaus.plexus.classworlds.launcher.Launcher.main(Launcher.java:352)
27 Jul 2013 13:37:49,245 ERROR com.sismics.docs.core.util.TransactionUtil.handle(TransactionUtil.java:40) Cannot create entity manager 
java.lang.NullPointerException
	at com.sismics.docs.core.util.TransactionUtil.handle(TransactionUtil.java:38)
	at com.sismics.util.filter.RequestContextFilter.init(RequestContextFilter.java:76)
	at org.eclipse.jetty.servlet.FilterHolder.doStart(FilterHolder.java:114)
	at org.eclipse.jetty.util.component.AbstractLifeCycle.start(AbstractLifeCycle.java:59)
	at org.eclipse.jetty.servlet.ServletHandler.initialize(ServletHandler.java:754)
	at org.eclipse.jetty.servlet.ServletContextHandler.startContext(ServletContextHandler.java:258)
	at org.eclipse.jetty.webapp.WebAppContext.startContext(WebAppContext.java:1221)
	at org.eclipse.jetty.server.handler.ContextHandler.doStart(ContextHandler.java:699)
	at org.eclipse.jetty.webapp.WebAppContext.doStart(WebAppContext.java:454)
	at org.mortbay.jetty.plugin.JettyWebAppContext.doStart(JettyWebAppContext.java:256)
	at org.eclipse.jetty.util.component.AbstractLifeCycle.start(AbstractLifeCycle.java:59)
	at org.eclipse.jetty.server.handler.HandlerCollection.doStart(HandlerCollection.java:224)
	at org.eclipse.jetty.server.handler.ContextHandlerCollection.doStart(ContextHandlerCollection.java:167)
	at org.eclipse.jetty.util.component.AbstractLifeCycle.start(AbstractLifeCycle.java:59)
	at org.eclipse.jetty.server.handler.HandlerCollection.doStart(HandlerCollection.java:224)
	at org.eclipse.jetty.util.component.AbstractLifeCycle.start(AbstractLifeCycle.java:59)
	at org.eclipse.jetty.server.handler.HandlerWrapper.doStart(HandlerWrapper.java:90)
	at org.eclipse.jetty.server.Server.doStart(Server.java:263)
	at org.mortbay.jetty.plugin.JettyServer.doStart(JettyServer.java:65)
	at org.eclipse.jetty.util.component.AbstractLifeCycle.start(AbstractLifeCycle.java:59)
	at org.mortbay.jetty.plugin.AbstractJettyMojo.startJetty(AbstractJettyMojo.java:511)
	at org.mortbay.jetty.plugin.AbstractJettyMojo.execute(AbstractJettyMojo.java:364)
	at org.mortbay.jetty.plugin.JettyRunMojo.execute(JettyRunMojo.java:516)
	at org.apache.maven.plugin.DefaultBuildPluginManager.executeMojo(DefaultBuildPluginManager.java:101)
	at org.apache.maven.lifecycle.internal.MojoExecutor.execute(MojoExecutor.java:209)
	at org.apache.maven.lifecycle.internal.MojoExecutor.execute(MojoExecutor.java:153)
	at org.apache.maven.lifecycle.internal.MojoExecutor.execute(MojoExecutor.java:145)
	at org.apache.maven.lifecycle.internal.LifecycleModuleBuilder.buildProject(LifecycleModuleBuilder.java:84)
	at org.apache.maven.lifecycle.internal.LifecycleModuleBuilder.buildProject(LifecycleModuleBuilder.java:59)
	at org.apache.maven.lifecycle.internal.LifecycleStarter.singleThreadedBuild(LifecycleStarter.java:183)
	at org.apache.maven.lifecycle.internal.LifecycleStarter.execute(LifecycleStarter.java:161)
	at org.apache.maven.DefaultMaven.doExecute(DefaultMaven.java:320)
	at org.apache.maven.DefaultMaven.execute(DefaultMaven.java:156)
	at org.apache.maven.cli.MavenCli.execute(MavenCli.java:537)
	at org.apache.maven.cli.MavenCli.doMain(MavenCli.java:196)
	at org.apache.maven.cli.MavenCli.main(MavenCli.java:141)
	at sun.reflect.NativeMethodAccessorImpl.invoke0(Native Method)
	at sun.reflect.NativeMethodAccessorImpl.invoke(NativeMethodAccessorImpl.java:57)
	at sun.reflect.DelegatingMethodAccessorImpl.invoke(DelegatingMethodAccessorImpl.java:43)
	at java.lang.reflect.Method.invoke(Method.java:601)
	at org.codehaus.plexus.classworlds.launcher.Launcher.launchEnhanced(Launcher.java:290)
	at org.codehaus.plexus.classworlds.launcher.Launcher.launch(Launcher.java:230)
	at org.codehaus.plexus.classworlds.launcher.Launcher.mainWithExitCode(Launcher.java:409)
	at org.codehaus.plexus.classworlds.launcher.Launcher.main(Launcher.java:352)
27 Jul 2013 13:43:02,167 INFO com.sismics.util.jpa.EMF.getEntityManagerProperties(EMF.java:69) Configuring EntityManager from hibernate.properties 
27 Jul 2013 13:43:02,621 INFO com.sismics.util.jpa.DbOpenHelper.open(DbOpenHelper.java:67) Opening database and executing incremental updates 
27 Jul 2013 13:43:02,623 INFO com.sismics.util.jpa.DbOpenHelper.open(DbOpenHelper.java:95) Unable to get database version: Table T_CONFIG not found 
27 Jul 2013 13:43:02,624 INFO com.sismics.util.jpa.DbOpenHelper.open(DbOpenHelper.java:109) Executing initial schema creation script 
27 Jul 2013 13:44:01,672 ERROR com.sismics.util.jpa.DbOpenHelper.open(DbOpenHelper.java:122) Unable to complete schema update 
java.lang.UnsupportedOperationException: Cannot list files for URL file:/C:/Users/Ben/workspace/bgd/docs/trunk/docs-core/target/classes/com/sismics/util/jpa/EMF$1.class
	at com.sismics.util.ResourceUtil.list(ResourceUtil.java:86)
	at com.sismics.util.jpa.DbOpenHelper.executeAllScript(DbOpenHelper.java:152)
	at com.sismics.util.jpa.EMF$1.onCreate(EMF.java:45)
	at com.sismics.util.jpa.DbOpenHelper.open(DbOpenHelper.java:110)
	at com.sismics.util.jpa.EMF.<clinit>(EMF.java:55)
	at com.sismics.docs.core.util.TransactionUtil.handle(TransactionUtil.java:38)
	at com.sismics.util.filter.RequestContextFilter.init(RequestContextFilter.java:76)
	at org.eclipse.jetty.servlet.FilterHolder.doStart(FilterHolder.java:114)
	at org.eclipse.jetty.util.component.AbstractLifeCycle.start(AbstractLifeCycle.java:59)
	at org.eclipse.jetty.servlet.ServletHandler.initialize(ServletHandler.java:754)
	at org.eclipse.jetty.servlet.ServletContextHandler.startContext(ServletContextHandler.java:258)
	at org.eclipse.jetty.webapp.WebAppContext.startContext(WebAppContext.java:1221)
	at org.eclipse.jetty.server.handler.ContextHandler.doStart(ContextHandler.java:699)
	at org.eclipse.jetty.webapp.WebAppContext.doStart(WebAppContext.java:454)
	at org.mortbay.jetty.plugin.JettyWebAppContext.doStart(JettyWebAppContext.java:256)
	at org.eclipse.jetty.util.component.AbstractLifeCycle.start(AbstractLifeCycle.java:59)
	at org.eclipse.jetty.server.handler.HandlerCollection.doStart(HandlerCollection.java:224)
	at org.eclipse.jetty.server.handler.ContextHandlerCollection.doStart(ContextHandlerCollection.java:167)
	at org.eclipse.jetty.util.component.AbstractLifeCycle.start(AbstractLifeCycle.java:59)
	at org.eclipse.jetty.server.handler.HandlerCollection.doStart(HandlerCollection.java:224)
	at org.eclipse.jetty.util.component.AbstractLifeCycle.start(AbstractLifeCycle.java:59)
	at org.eclipse.jetty.server.handler.HandlerWrapper.doStart(HandlerWrapper.java:90)
	at org.eclipse.jetty.server.Server.doStart(Server.java:263)
	at org.mortbay.jetty.plugin.JettyServer.doStart(JettyServer.java:65)
	at org.eclipse.jetty.util.component.AbstractLifeCycle.start(AbstractLifeCycle.java:59)
	at org.mortbay.jetty.plugin.AbstractJettyMojo.startJetty(AbstractJettyMojo.java:511)
	at org.mortbay.jetty.plugin.AbstractJettyMojo.execute(AbstractJettyMojo.java:364)
	at org.mortbay.jetty.plugin.JettyRunMojo.execute(JettyRunMojo.java:516)
	at org.apache.maven.plugin.DefaultBuildPluginManager.executeMojo(DefaultBuildPluginManager.java:101)
	at org.apache.maven.lifecycle.internal.MojoExecutor.execute(MojoExecutor.java:209)
	at org.apache.maven.lifecycle.internal.MojoExecutor.execute(MojoExecutor.java:153)
	at org.apache.maven.lifecycle.internal.MojoExecutor.execute(MojoExecutor.java:145)
	at org.apache.maven.lifecycle.internal.LifecycleModuleBuilder.buildProject(LifecycleModuleBuilder.java:84)
	at org.apache.maven.lifecycle.internal.LifecycleModuleBuilder.buildProject(LifecycleModuleBuilder.java:59)
	at org.apache.maven.lifecycle.internal.LifecycleStarter.singleThreadedBuild(LifecycleStarter.java:183)
	at org.apache.maven.lifecycle.internal.LifecycleStarter.execute(LifecycleStarter.java:161)
	at org.apache.maven.DefaultMaven.doExecute(DefaultMaven.java:320)
	at org.apache.maven.DefaultMaven.execute(DefaultMaven.java:156)
	at org.apache.maven.cli.MavenCli.execute(MavenCli.java:537)
	at org.apache.maven.cli.MavenCli.doMain(MavenCli.java:196)
	at org.apache.maven.cli.MavenCli.main(MavenCli.java:141)
	at sun.reflect.NativeMethodAccessorImpl.invoke0(Native Method)
	at sun.reflect.NativeMethodAccessorImpl.invoke(NativeMethodAccessorImpl.java:57)
	at sun.reflect.DelegatingMethodAccessorImpl.invoke(DelegatingMethodAccessorImpl.java:43)
	at java.lang.reflect.Method.invoke(Method.java:601)
	at org.codehaus.plexus.classworlds.launcher.Launcher.launchEnhanced(Launcher.java:290)
	at org.codehaus.plexus.classworlds.launcher.Launcher.launch(Launcher.java:230)
	at org.codehaus.plexus.classworlds.launcher.Launcher.mainWithExitCode(Launcher.java:409)
	at org.codehaus.plexus.classworlds.launcher.Launcher.main(Launcher.java:352)
27 Jul 2013 13:44:01,677 INFO com.sismics.util.jpa.EMF.getEntityManagerProperties(EMF.java:69) Configuring EntityManager from hibernate.properties 
27 Jul 2013 13:44:01,769 ERROR com.sismics.util.jpa.EMF.<clinit>(EMF.java:60) Error creating EMF 
javax.persistence.PersistenceException: No Persistence provider for EntityManager named transactions-optional
	at javax.persistence.Persistence.createEntityManagerFactory(Persistence.java:69)
	at com.sismics.util.jpa.EMF.<clinit>(EMF.java:57)
	at com.sismics.docs.core.util.TransactionUtil.handle(TransactionUtil.java:38)
	at com.sismics.util.filter.RequestContextFilter.init(RequestContextFilter.java:76)
	at org.eclipse.jetty.servlet.FilterHolder.doStart(FilterHolder.java:114)
	at org.eclipse.jetty.util.component.AbstractLifeCycle.start(AbstractLifeCycle.java:59)
	at org.eclipse.jetty.servlet.ServletHandler.initialize(ServletHandler.java:754)
	at org.eclipse.jetty.servlet.ServletContextHandler.startContext(ServletContextHandler.java:258)
	at org.eclipse.jetty.webapp.WebAppContext.startContext(WebAppContext.java:1221)
	at org.eclipse.jetty.server.handler.ContextHandler.doStart(ContextHandler.java:699)
	at org.eclipse.jetty.webapp.WebAppContext.doStart(WebAppContext.java:454)
	at org.mortbay.jetty.plugin.JettyWebAppContext.doStart(JettyWebAppContext.java:256)
	at org.eclipse.jetty.util.component.AbstractLifeCycle.start(AbstractLifeCycle.java:59)
	at org.eclipse.jetty.server.handler.HandlerCollection.doStart(HandlerCollection.java:224)
	at org.eclipse.jetty.server.handler.ContextHandlerCollection.doStart(ContextHandlerCollection.java:167)
	at org.eclipse.jetty.util.component.AbstractLifeCycle.start(AbstractLifeCycle.java:59)
	at org.eclipse.jetty.server.handler.HandlerCollection.doStart(HandlerCollection.java:224)
	at org.eclipse.jetty.util.component.AbstractLifeCycle.start(AbstractLifeCycle.java:59)
	at org.eclipse.jetty.server.handler.HandlerWrapper.doStart(HandlerWrapper.java:90)
	at org.eclipse.jetty.server.Server.doStart(Server.java:263)
	at org.mortbay.jetty.plugin.JettyServer.doStart(JettyServer.java:65)
	at org.eclipse.jetty.util.component.AbstractLifeCycle.start(AbstractLifeCycle.java:59)
	at org.mortbay.jetty.plugin.AbstractJettyMojo.startJetty(AbstractJettyMojo.java:511)
	at org.mortbay.jetty.plugin.AbstractJettyMojo.execute(AbstractJettyMojo.java:364)
	at org.mortbay.jetty.plugin.JettyRunMojo.execute(JettyRunMojo.java:516)
	at org.apache.maven.plugin.DefaultBuildPluginManager.executeMojo(DefaultBuildPluginManager.java:101)
	at org.apache.maven.lifecycle.internal.MojoExecutor.execute(MojoExecutor.java:209)
	at org.apache.maven.lifecycle.internal.MojoExecutor.execute(MojoExecutor.java:153)
	at org.apache.maven.lifecycle.internal.MojoExecutor.execute(MojoExecutor.java:145)
	at org.apache.maven.lifecycle.internal.LifecycleModuleBuilder.buildProject(LifecycleModuleBuilder.java:84)
	at org.apache.maven.lifecycle.internal.LifecycleModuleBuilder.buildProject(LifecycleModuleBuilder.java:59)
	at org.apache.maven.lifecycle.internal.LifecycleStarter.singleThreadedBuild(LifecycleStarter.java:183)
	at org.apache.maven.lifecycle.internal.LifecycleStarter.execute(LifecycleStarter.java:161)
	at org.apache.maven.DefaultMaven.doExecute(DefaultMaven.java:320)
	at org.apache.maven.DefaultMaven.execute(DefaultMaven.java:156)
	at org.apache.maven.cli.MavenCli.execute(MavenCli.java:537)
	at org.apache.maven.cli.MavenCli.doMain(MavenCli.java:196)
	at org.apache.maven.cli.MavenCli.main(MavenCli.java:141)
	at sun.reflect.NativeMethodAccessorImpl.invoke0(Native Method)
	at sun.reflect.NativeMethodAccessorImpl.invoke(NativeMethodAccessorImpl.java:57)
	at sun.reflect.DelegatingMethodAccessorImpl.invoke(DelegatingMethodAccessorImpl.java:43)
	at java.lang.reflect.Method.invoke(Method.java:601)
	at org.codehaus.plexus.classworlds.launcher.Launcher.launchEnhanced(Launcher.java:290)
	at org.codehaus.plexus.classworlds.launcher.Launcher.launch(Launcher.java:230)
	at org.codehaus.plexus.classworlds.launcher.Launcher.mainWithExitCode(Launcher.java:409)
	at org.codehaus.plexus.classworlds.launcher.Launcher.main(Launcher.java:352)
27 Jul 2013 13:44:01,770 ERROR com.sismics.docs.core.util.TransactionUtil.handle(TransactionUtil.java:40) Cannot create entity manager 
java.lang.NullPointerException
	at com.sismics.docs.core.util.TransactionUtil.handle(TransactionUtil.java:38)
	at com.sismics.util.filter.RequestContextFilter.init(RequestContextFilter.java:76)
	at org.eclipse.jetty.servlet.FilterHolder.doStart(FilterHolder.java:114)
	at org.eclipse.jetty.util.component.AbstractLifeCycle.start(AbstractLifeCycle.java:59)
	at org.eclipse.jetty.servlet.ServletHandler.initialize(ServletHandler.java:754)
	at org.eclipse.jetty.servlet.ServletContextHandler.startContext(ServletContextHandler.java:258)
	at org.eclipse.jetty.webapp.WebAppContext.startContext(WebAppContext.java:1221)
	at org.eclipse.jetty.server.handler.ContextHandler.doStart(ContextHandler.java:699)
	at org.eclipse.jetty.webapp.WebAppContext.doStart(WebAppContext.java:454)
	at org.mortbay.jetty.plugin.JettyWebAppContext.doStart(JettyWebAppContext.java:256)
	at org.eclipse.jetty.util.component.AbstractLifeCycle.start(AbstractLifeCycle.java:59)
	at org.eclipse.jetty.server.handler.HandlerCollection.doStart(HandlerCollection.java:224)
	at org.eclipse.jetty.server.handler.ContextHandlerCollection.doStart(ContextHandlerCollection.java:167)
	at org.eclipse.jetty.util.component.AbstractLifeCycle.start(AbstractLifeCycle.java:59)
	at org.eclipse.jetty.server.handler.HandlerCollection.doStart(HandlerCollection.java:224)
	at org.eclipse.jetty.util.component.AbstractLifeCycle.start(AbstractLifeCycle.java:59)
	at org.eclipse.jetty.server.handler.HandlerWrapper.doStart(HandlerWrapper.java:90)
	at org.eclipse.jetty.server.Server.doStart(Server.java:263)
	at org.mortbay.jetty.plugin.JettyServer.doStart(JettyServer.java:65)
	at org.eclipse.jetty.util.component.AbstractLifeCycle.start(AbstractLifeCycle.java:59)
	at org.mortbay.jetty.plugin.AbstractJettyMojo.startJetty(AbstractJettyMojo.java:511)
	at org.mortbay.jetty.plugin.AbstractJettyMojo.execute(AbstractJettyMojo.java:364)
	at org.mortbay.jetty.plugin.JettyRunMojo.execute(JettyRunMojo.java:516)
	at org.apache.maven.plugin.DefaultBuildPluginManager.executeMojo(DefaultBuildPluginManager.java:101)
	at org.apache.maven.lifecycle.internal.MojoExecutor.execute(MojoExecutor.java:209)
	at org.apache.maven.lifecycle.internal.MojoExecutor.execute(MojoExecutor.java:153)
	at org.apache.maven.lifecycle.internal.MojoExecutor.execute(MojoExecutor.java:145)
	at org.apache.maven.lifecycle.internal.LifecycleModuleBuilder.buildProject(LifecycleModuleBuilder.java:84)
	at org.apache.maven.lifecycle.internal.LifecycleModuleBuilder.buildProject(LifecycleModuleBuilder.java:59)
	at org.apache.maven.lifecycle.internal.LifecycleStarter.singleThreadedBuild(LifecycleStarter.java:183)
	at org.apache.maven.lifecycle.internal.LifecycleStarter.execute(LifecycleStarter.java:161)
	at org.apache.maven.DefaultMaven.doExecute(DefaultMaven.java:320)
	at org.apache.maven.DefaultMaven.execute(DefaultMaven.java:156)
	at org.apache.maven.cli.MavenCli.execute(MavenCli.java:537)
	at org.apache.maven.cli.MavenCli.doMain(MavenCli.java:196)
	at org.apache.maven.cli.MavenCli.main(MavenCli.java:141)
	at sun.reflect.NativeMethodAccessorImpl.invoke0(Native Method)
	at sun.reflect.NativeMethodAccessorImpl.invoke(NativeMethodAccessorImpl.java:57)
	at sun.reflect.DelegatingMethodAccessorImpl.invoke(DelegatingMethodAccessorImpl.java:43)
	at java.lang.reflect.Method.invoke(Method.java:601)
	at org.codehaus.plexus.classworlds.launcher.Launcher.launchEnhanced(Launcher.java:290)
	at org.codehaus.plexus.classworlds.launcher.Launcher.launch(Launcher.java:230)
	at org.codehaus.plexus.classworlds.launcher.Launcher.mainWithExitCode(Launcher.java:409)
	at org.codehaus.plexus.classworlds.launcher.Launcher.main(Launcher.java:352)
27 Jul 2013 13:51:34,136 INFO com.sismics.util.jpa.EMF.getEntityManagerProperties(EMF.java:69) Configuring EntityManager from hibernate.properties 
27 Jul 2013 13:51:34,600 INFO com.sismics.util.jpa.DbOpenHelper.open(DbOpenHelper.java:67) Opening database and executing incremental updates 
27 Jul 2013 13:51:34,602 INFO com.sismics.util.jpa.DbOpenHelper.open(DbOpenHelper.java:95) Unable to get database version: Table T_CONFIG not found 
27 Jul 2013 13:51:34,602 INFO com.sismics.util.jpa.DbOpenHelper.open(DbOpenHelper.java:109) Executing initial schema creation script 
27 Jul 2013 13:51:48,941 INFO com.sismics.util.jpa.DbOpenHelper.executeAllScript(DbOpenHelper.java:163) Executing script: dbupdate-000-0.sql 
27 Jul 2013 13:51:48,984 INFO com.sismics.util.jpa.DbOpenHelper.executeAllScript(DbOpenHelper.java:163) Executing script: dbupdate-000-1.sql 
27 Jul 2013 13:51:48,987 INFO com.sismics.util.jpa.DbOpenHelper.open(DbOpenHelper.java:117) Found database version 0, new version is 1, executing database incremental update scripts 
27 Jul 2013 13:51:50,951 INFO com.sismics.util.jpa.DbOpenHelper.open(DbOpenHelper.java:119) Database upgrade complete 
27 Jul 2013 13:51:50,951 INFO com.sismics.util.jpa.EMF.getEntityManagerProperties(EMF.java:69) Configuring EntityManager from hibernate.properties 
27 Jul 2013 13:51:51,824 INFO com.sismics.docs.core.service.IndexingService.startUp(IndexingService.java:53) Using file Lucene storage: C:\Users\Ben\workspace\bgd\docs\trunk\docs-web\src\main\webapp\sismicsdocs\lucene 
